\BOOKMARK [1][-]{section.1}{Vorgaben}{}% 1
\BOOKMARK [2][-]{subsection.1.1}{Projektbeschreibung}{section.1}% 2
\BOOKMARK [2][-]{subsection.1.2}{Spielablauf}{section.1}% 3
\BOOKMARK [1][-]{section.2}{Zeitablauf}{}% 4
\BOOKMARK [2][-]{subsection.2.1}{Gantt-Chart}{section.2}% 5
\BOOKMARK [2][-]{subsection.2.2}{Aufwandssch\344tzung}{section.2}% 6
\BOOKMARK [1][-]{section.3}{GitHub}{}% 7
\BOOKMARK [2][-]{subsection.3.1}{ZenHub}{section.3}% 8
\BOOKMARK [1][-]{section.4}{Bedienungsanleitung}{}% 9
\BOOKMARK [1][-]{section.5}{Systemaufbau}{}% 10
\BOOKMARK [1][-]{section.6}{Programmierung}{}% 11
\BOOKMARK [2][-]{subsection.6.1}{Programmablaufplan}{section.6}% 12
\BOOKMARK [2][-]{subsection.6.2}{Klassendiagramm}{section.6}% 13
\BOOKMARK [2][-]{subsection.6.3}{Hauptformular}{section.6}% 14
\BOOKMARK [2][-]{subsection.6.4}{Klassen}{section.6}% 15
\BOOKMARK [3][-]{subsubsection.6.4.1}{mVektor}{subsection.6.4}% 16
\BOOKMARK [3][-]{subsubsection.6.4.2}{mTKI}{subsection.6.4}% 17
\BOOKMARK [3][-]{subsubsection.6.4.3}{mKonstanten}{subsection.6.4}% 18
\BOOKMARK [3][-]{subsubsection.6.4.4}{mRoboterDaten}{subsection.6.4}% 19
\BOOKMARK [1][-]{section.7}{Arbeitspakete}{}% 20
\BOOKMARK [1][-]{section.8}{Fazit}{}% 21
